This file contains any messages produced by compilers while
running configure, to aid debugging if configure makes a mistake.

It was created by gettext configure 0.19.3, which was
generated by GNU Autoconf 2.69.  Invocation command line was

  $ ./configure --prefix=/Users/rahul/Desktop/ios_compilation/gettext-0.19.3/dependencies --build=x86_64-apple-darwin --host=arm-apple-darwin --enable-static --enable-shared

## --------- ##
## Platform. ##
## --------- ##

hostname = RahulNew-iMac-3.local
uname -m = x86_64
uname -r = 14.0.0
uname -s = Darwin
uname -v = Darwin Kernel Version 14.0.0: Fri Sep 19 00:26:44 PDT 2014; root:xnu-2782.1.97~2/RELEASE_X86_64

/usr/bin/uname -p = i386
/bin/uname -X     = unknown

/bin/arch              = unknown
/usr/bin/arch -k       = unknown
/usr/convex/getsysinfo = unknown
/usr/bin/hostinfo      = Mach kernel version:
	 Darwin Kernel Version 14.0.0: Fri Sep 19 00:26:44 PDT 2014; root:xnu-2782.1.97~2/RELEASE_X86_64
Kernel configured for up to 4 processors.
4 processors are physically available.
4 processors are logically available.
Processor type: i486 (Intel 80486)
Processors active: 0 1 2 3
Primary memory available: 8.00 gigabytes
Default processor set: 183 tasks, 758 threads, 4 processors
Load average: 0.90, Mach factor: 3.09
/bin/machine           = unknown
/usr/bin/oslevel       = unknown
/bin/universe          = unknown

PATH: /Users/rahul/Desktop/ios_compilation/gettext-0.19.3/dependencies/bin/
PATH: /Applications/Xcode.app/Contents/Developer/Toolchains/XcodeDefault.xctoolchain/usr/bin
PATH: /Applications/Xcode.app/Contents/Developer/usr/bin
PATH: /usr/bin
PATH: /bin
PATH: /usr/sbin
PATH: /sbin
PATH: /usr/local/bin
PATH: /opt/local/bin
PATH: /usr/local/git/bin


## ----------- ##
## Core tests. ##
## ----------- ##

configure:1947: checking for a BSD-compatible install
configure:2015: result: /usr/bin/install -c
configure:2026: checking whether build environment is sane
configure:2081: result: yes
configure:2140: checking for arm-apple-darwin-strip
configure:2170: result: no
configure:2180: checking for strip
configure:2196: found /Applications/Xcode.app/Contents/Developer/Toolchains/XcodeDefault.xctoolchain/usr/bin/strip
configure:2207: result: strip
configure:2219: WARNING: using cross tools not prefixed with host triplet
configure:2232: checking for a thread-safe mkdir -p
configure:2271: result: build-aux/install-sh -c -d
configure:2278: checking for gawk
configure:2308: result: no
configure:2278: checking for mawk
configure:2308: result: no
configure:2278: checking for nawk
configure:2308: result: no
configure:2278: checking for awk
configure:2294: found /usr/bin/awk
configure:2305: result: awk
configure:2316: checking whether make sets $(MAKE)
configure:2338: result: yes
configure:2367: checking whether make supports nested variables
configure:2384: result: yes
configure:2528: checking build system type
configure:2542: result: x86_64-apple-darwin
configure:2562: checking host system type
configure:2575: result: arm-apple-darwin
configure:3223: checking that generated files are newer than configure
configure:3229: result: done
configure:3237: creating ./config.status

## ---------------------- ##
## Running config.status. ##
## ---------------------- ##

This file was extended by gettext config.status 0.19.3, which was
generated by GNU Autoconf 2.69.  Invocation command line was

  CONFIG_FILES    = 
  CONFIG_HEADERS  = 
  CONFIG_LINKS    = 
  CONFIG_COMMANDS = 
  $ ./config.status 

on RahulNew-iMac-3.local

config.status:771: creating Makefile
config.status:771: creating gnulib-local/Makefile
configure:4323: === configuring in gettext-runtime (/Users/rahul/Desktop/ios_compilation/gettext-0.19.3/gettext-runtime)
configure:4386: running /bin/sh ./configure --disable-option-checking '--prefix=/Users/rahul/Desktop/ios_compilation/gettext-0.19.3/dependencies'  '--build=x86_64-apple-darwin' '--host=arm-apple-darwin' '--enable-static' '--enable-shared' 'build_alias=x86_64-apple-darwin' 'host_alias=arm-apple-darwin' 'CFLAGS=-arch arm64 -isysroot /Applications/Xcode.app/Contents/Developer/Platforms/iPhoneOS.platform/Developer/SDKs/iPhoneOS8.1.sdk -miphoneos-version-min=8.1 ' 'LDFLAGS=-L/Users/rahul/Desktop/ios_compilation/gettext-0.19.3/dependencies/lib -L/usr/local/lib -L/Applications/Xcode.app/Contents/Developer/Platforms/iPhoneOS.platform/Developer/SDKs/iPhoneOS8.1.sdk/usr/lib  -arch arm64 -isysroot /Applications/Xcode.app/Contents/Developer/Platforms/iPhoneOS.platform/Developer/SDKs/iPhoneOS8.1.sdk -miphoneos-version-min=8.1 ' 'CPPFLAGS=-I/Users/rahul/Desktop/ios_compilation/gettext-0.19.3/dependencies/include -I/usr/local/lib -I/Applications/Xcode.app/Contents/Developer/Platforms/iPhoneOS.platform/Developer/SDKs/iPhoneOS8.1.sdk/usr/include/  -arch arm64 -isysroot /Applications/Xcode.app/Contents/Developer/Platforms/iPhoneOS.platform/Developer/SDKs/iPhoneOS8.1.sdk -miphoneos-version-min=8.1 ' 'CXX=/Applications/Xcode.app/Contents/Developer/usr/bin/g++' --cache-file=/dev/null --srcdir=.
configure:4323: === configuring in gettext-tools (/Users/rahul/Desktop/ios_compilation/gettext-0.19.3/gettext-tools)
configure:4386: running /bin/sh ./configure --disable-option-checking '--prefix=/Users/rahul/Desktop/ios_compilation/gettext-0.19.3/dependencies'  '--build=x86_64-apple-darwin' '--host=arm-apple-darwin' '--enable-static' '--enable-shared' 'build_alias=x86_64-apple-darwin' 'host_alias=arm-apple-darwin' 'CFLAGS=-arch arm64 -isysroot /Applications/Xcode.app/Contents/Developer/Platforms/iPhoneOS.platform/Developer/SDKs/iPhoneOS8.1.sdk -miphoneos-version-min=8.1 ' 'LDFLAGS=-L/Users/rahul/Desktop/ios_compilation/gettext-0.19.3/dependencies/lib -L/usr/local/lib -L/Applications/Xcode.app/Contents/Developer/Platforms/iPhoneOS.platform/Developer/SDKs/iPhoneOS8.1.sdk/usr/lib  -arch arm64 -isysroot /Applications/Xcode.app/Contents/Developer/Platforms/iPhoneOS.platform/Developer/SDKs/iPhoneOS8.1.sdk -miphoneos-version-min=8.1 ' 'CPPFLAGS=-I/Users/rahul/Desktop/ios_compilation/gettext-0.19.3/dependencies/include -I/usr/local/lib -I/Applications/Xcode.app/Contents/Developer/Platforms/iPhoneOS.platform/Developer/SDKs/iPhoneOS8.1.sdk/usr/include/  -arch arm64 -isysroot /Applications/Xcode.app/Contents/Developer/Platforms/iPhoneOS.platform/Developer/SDKs/iPhoneOS8.1.sdk -miphoneos-version-min=8.1 ' 'CXX=/Applications/Xcode.app/Contents/Developer/usr/bin/g++' --cache-file=/dev/null --srcdir=.

## ---------------- ##
## Cache variables. ##
## ---------------- ##

ac_cv_build=x86_64-apple-darwin
ac_cv_env_CC_set=
ac_cv_env_CC_value=
ac_cv_env_CFLAGS_set=set
ac_cv_env_CFLAGS_value='-arch arm64 -isysroot /Applications/Xcode.app/Contents/Developer/Platforms/iPhoneOS.platform/Developer/SDKs/iPhoneOS8.1.sdk -miphoneos-version-min=8.1 '
ac_cv_env_CPPFLAGS_set=set
ac_cv_env_CPPFLAGS_value='-I/Users/rahul/Desktop/ios_compilation/gettext-0.19.3/dependencies/include -I/usr/local/lib -I/Applications/Xcode.app/Contents/Developer/Platforms/iPhoneOS.platform/Developer/SDKs/iPhoneOS8.1.sdk/usr/include/  -arch arm64 -isysroot /Applications/Xcode.app/Contents/Developer/Platforms/iPhoneOS.platform/Developer/SDKs/iPhoneOS8.1.sdk -miphoneos-version-min=8.1 '
ac_cv_env_CPP_set=
ac_cv_env_CPP_value=
ac_cv_env_CXXCPP_set=
ac_cv_env_CXXCPP_value=
ac_cv_env_CXXFLAGS_set=
ac_cv_env_CXXFLAGS_value=
ac_cv_env_CXX_set=set
ac_cv_env_CXX_value=/Applications/Xcode.app/Contents/Developer/usr/bin/g++
ac_cv_env_EMACSLOADPATH_set=
ac_cv_env_EMACSLOADPATH_value=
ac_cv_env_EMACS_set=
ac_cv_env_EMACS_value=
ac_cv_env_GCJFLAGS_set=
ac_cv_env_GCJFLAGS_value=
ac_cv_env_GCJ_set=
ac_cv_env_GCJ_value=
ac_cv_env_LDFLAGS_set=set
ac_cv_env_LDFLAGS_value='-L/Users/rahul/Desktop/ios_compilation/gettext-0.19.3/dependencies/lib -L/usr/local/lib -L/Applications/Xcode.app/Contents/Developer/Platforms/iPhoneOS.platform/Developer/SDKs/iPhoneOS8.1.sdk/usr/lib  -arch arm64 -isysroot /Applications/Xcode.app/Contents/Developer/Platforms/iPhoneOS.platform/Developer/SDKs/iPhoneOS8.1.sdk -miphoneos-version-min=8.1 '
ac_cv_env_LIBS_set=
ac_cv_env_LIBS_value=
ac_cv_env_YACC_set=
ac_cv_env_YACC_value=
ac_cv_env_YFLAGS_set=
ac_cv_env_YFLAGS_value=
ac_cv_env_build_alias_set=set
ac_cv_env_build_alias_value=x86_64-apple-darwin
ac_cv_env_host_alias_set=set
ac_cv_env_host_alias_value=arm-apple-darwin
ac_cv_env_target_alias_set=
ac_cv_env_target_alias_value=
ac_cv_host=arm-apple-darwin
ac_cv_path_install='/usr/bin/install -c'
ac_cv_prog_AWK=awk
ac_cv_prog_ac_ct_STRIP=strip
ac_cv_prog_make_make_set=yes
am_cv_make_support_nested_variables=yes

## ----------------- ##
## Output variables. ##
## ----------------- ##

ACLOCAL='${SHELL} /Users/rahul/Desktop/ios_compilation/gettext-0.19.3/build-aux/missing aclocal-1.14'
AMTAR='$${TAR-tar}'
AM_BACKSLASH='\'
AM_DEFAULT_V='$(AM_DEFAULT_VERBOSITY)'
AM_DEFAULT_VERBOSITY='1'
AM_V='$(V)'
AUTOCONF='${SHELL} /Users/rahul/Desktop/ios_compilation/gettext-0.19.3/build-aux/missing autoconf'
AUTOHEADER='${SHELL} /Users/rahul/Desktop/ios_compilation/gettext-0.19.3/build-aux/missing autoheader'
AUTOMAKE='${SHELL} /Users/rahul/Desktop/ios_compilation/gettext-0.19.3/build-aux/missing automake-1.14'
AWK='awk'
CC=''
CFLAGS='-arch arm64 -isysroot /Applications/Xcode.app/Contents/Developer/Platforms/iPhoneOS.platform/Developer/SDKs/iPhoneOS8.1.sdk -miphoneos-version-min=8.1 '
CPP=''
CPPFLAGS='-I/Users/rahul/Desktop/ios_compilation/gettext-0.19.3/dependencies/include -I/usr/local/lib -I/Applications/Xcode.app/Contents/Developer/Platforms/iPhoneOS.platform/Developer/SDKs/iPhoneOS8.1.sdk/usr/include/  -arch arm64 -isysroot /Applications/Xcode.app/Contents/Developer/Platforms/iPhoneOS.platform/Developer/SDKs/iPhoneOS8.1.sdk -miphoneos-version-min=8.1 '
CXX='/Applications/Xcode.app/Contents/Developer/usr/bin/g++'
CXXCPP=''
CXXFLAGS=''
CYGPATH_W='echo'
DEFS='-DPACKAGE_NAME=\"gettext\" -DPACKAGE_TARNAME=\"gettext\" -DPACKAGE_VERSION=\"0.19.3\" -DPACKAGE_STRING=\"gettext\ 0.19.3\" -DPACKAGE_BUGREPORT=\"bug-gnu-gettext@gnu.org\" -DPACKAGE_URL=\"\" -DPACKAGE=\"gettext\" -DVERSION=\"0.19.3\"'
ECHO_C='\c'
ECHO_N=''
ECHO_T=''
EMACS=''
EMACSLOADPATH=''
GCJ=''
GCJFLAGS=''
INSTALL_DATA='${INSTALL} -m 644'
INSTALL_PROGRAM='${INSTALL}'
INSTALL_SCRIPT='${INSTALL}'
INSTALL_STRIP_PROGRAM='$(install_sh) -c -s'
LDFLAGS='-L/Users/rahul/Desktop/ios_compilation/gettext-0.19.3/dependencies/lib -L/usr/local/lib -L/Applications/Xcode.app/Contents/Developer/Platforms/iPhoneOS.platform/Developer/SDKs/iPhoneOS8.1.sdk/usr/lib  -arch arm64 -isysroot /Applications/Xcode.app/Contents/Developer/Platforms/iPhoneOS.platform/Developer/SDKs/iPhoneOS8.1.sdk -miphoneos-version-min=8.1 '
LIBOBJS=''
LIBS=''
LTLIBOBJS=''
MAKEINFO='${SHELL} /Users/rahul/Desktop/ios_compilation/gettext-0.19.3/build-aux/missing makeinfo'
MKDIR_P='build-aux/install-sh -c -d'
PACKAGE='gettext'
PACKAGE_BUGREPORT='bug-gnu-gettext@gnu.org'
PACKAGE_NAME='gettext'
PACKAGE_STRING='gettext 0.19.3'
PACKAGE_TARNAME='gettext'
PACKAGE_URL=''
PACKAGE_VERSION='0.19.3'
PATH_SEPARATOR=':'
SET_MAKE=''
SHELL='/bin/sh'
STRIP='strip'
VERSION='0.19.3'
YACC=''
YFLAGS=''
am__isrc=''
am__leading_dot='.'
am__tar='${AMTAR} chof - --owner=root --group=root "$$tardir"'
am__untar='$${TAR-tar} xf -'
bindir='${exec_prefix}/bin'
build='x86_64-apple-darwin'
build_alias='x86_64-apple-darwin'
build_cpu='x86_64'
build_os='darwin'
build_vendor='apple'
datadir='${datarootdir}'
datarootdir='${prefix}/share'
docdir='${datarootdir}/doc/${PACKAGE_TARNAME}'
dvidir='${docdir}'
exec_prefix='${prefix}'
host='arm-apple-darwin'
host_alias='arm-apple-darwin'
host_cpu='arm'
host_os='darwin'
host_vendor='apple'
htmldir='${docdir}'
includedir='${prefix}/include'
infodir='${datarootdir}/info'
install_sh='${SHELL} /Users/rahul/Desktop/ios_compilation/gettext-0.19.3/build-aux/install-sh'
libdir='${exec_prefix}/lib'
libexecdir='${exec_prefix}/libexec'
localedir='${datarootdir}/locale'
localstatedir='${prefix}/var'
mandir='${datarootdir}/man'
mkdir_p='$(MKDIR_P)'
oldincludedir='/usr/include'
pdfdir='${docdir}'
prefix='/Users/rahul/Desktop/ios_compilation/gettext-0.19.3/dependencies'
program_transform_name='s,x,x,'
psdir='${docdir}'
sbindir='${exec_prefix}/sbin'
sharedstatedir='${prefix}/com'
subdirs=' gettext-runtime gettext-tools'
sysconfdir='${prefix}/etc'
target_alias=''

## ----------- ##
## confdefs.h. ##
## ----------- ##

/* confdefs.h */
#define PACKAGE_NAME "gettext"
#define PACKAGE_TARNAME "gettext"
#define PACKAGE_VERSION "0.19.3"
#define PACKAGE_STRING "gettext 0.19.3"
#define PACKAGE_BUGREPORT "bug-gnu-gettext@gnu.org"
#define PACKAGE_URL ""
#define PACKAGE "gettext"
#define VERSION "0.19.3"

configure: exit 0
