This file contains any messages produced by compilers while
running configure, to aid debugging if configure makes a mistake.

It was created by libffi configure 3.1, which was
generated by GNU Autoconf 2.69.  Invocation command line was

  $ ../configure -host i386-apple-darwin11

## --------- ##
## Platform. ##
## --------- ##

hostname = RahulNew-iMac-3.local
uname -m = x86_64
uname -r = 14.0.0
uname -s = Darwin
uname -v = Darwin Kernel Version 14.0.0: Fri Sep 19 00:26:44 PDT 2014; root:xnu-2782.1.97~2/RELEASE_X86_64

/usr/bin/uname -p = i386
/bin/uname -X     = unknown

/bin/arch              = unknown
/usr/bin/arch -k       = unknown
/usr/convex/getsysinfo = unknown
/usr/bin/hostinfo      = Mach kernel version:
	 Darwin Kernel Version 14.0.0: Fri Sep 19 00:26:44 PDT 2014; root:xnu-2782.1.97~2/RELEASE_X86_64
Kernel configured for up to 4 processors.
4 processors are physically available.
4 processors are logically available.
Processor type: i486 (Intel 80486)
Processors active: 0 1 2 3
Primary memory available: 8.00 gigabytes
Default processor set: 195 tasks, 867 threads, 4 processors
Load average: 1.73, Mach factor: 2.33
/bin/machine           = unknown
/usr/bin/oslevel       = unknown
/bin/universe          = unknown

PATH: /usr/gnu/bin
PATH: /usr/local/bin
PATH: /bin
PATH: /usr/bin
PATH: .


## ----------- ##
## Core tests. ##
## ----------- ##

configure:2743: checking build system type
configure:2757: result: i386-apple-darwin14.0.0
configure:2777: checking host system type
configure:2790: result: i386-apple-darwin11
configure:2810: checking target system type
configure:2823: result: i386-apple-darwin11
configure:2919: checking for gsed
configure:2950: result: sed
configure:2978: checking for a BSD-compatible install
configure:3046: result: /usr/bin/install -c
configure:3057: checking whether build environment is sane
configure:3112: result: yes
configure:3168: checking for i386-apple-darwin11-strip
configure:3198: result: no
configure:3208: checking for strip
configure:3224: found /usr/bin/strip
configure:3235: result: strip
configure:3260: checking for a thread-safe mkdir -p
configure:3299: result: ../install-sh -c -d
configure:3306: checking for gawk
configure:3336: result: no
configure:3306: checking for mawk
configure:3336: result: no
configure:3306: checking for nawk
configure:3336: result: no
configure:3306: checking for awk
configure:3322: found /usr/bin/awk
configure:3333: result: awk
configure:3344: checking whether make sets $(MAKE)
configure:3366: result: yes
configure:3395: checking whether make supports nested variables
configure:3412: result: yes
configure:3515: checking for i386-apple-darwin11-gcc
configure:3542: result: xcrun -sdk iphonesimulator clang -arch i386
configure:3811: checking for C compiler version
configure:3820: xcrun -sdk iphonesimulator clang -arch i386 --version >&5
Apple LLVM version 6.0 (clang-600.0.54) (based on LLVM 3.5svn)
Target: i386-apple-darwin14.0.0
Thread model: posix
configure:3831: $? = 0
configure:3820: xcrun -sdk iphonesimulator clang -arch i386 -v >&5
Apple LLVM version 6.0 (clang-600.0.54) (based on LLVM 3.5svn)
Target: i386-apple-darwin14.0.0
Thread model: posix
configure:3831: $? = 0
configure:3820: xcrun -sdk iphonesimulator clang -arch i386 -V >&5
clang: error: argument to '-V' is missing (expected 1 value)
clang: error: no input files
configure:3831: $? = 1
configure:3820: xcrun -sdk iphonesimulator clang -arch i386 -qversion >&5
clang: error: unknown argument: '-qversion'
clang: error: no input files
configure:3831: $? = 1
configure:3851: checking whether the C compiler works
configure:3873: xcrun -sdk iphonesimulator clang -arch i386 -miphoneos-version-min=5.1.1   conftest.c  >&5
Undefined symbols for architecture i386:
  "start", referenced from:
     implicit entry/start for main executable
ld: symbol(s) not found for architecture i386
clang: error: linker command failed with exit code 1 (use -v to see invocation)
configure:3877: $? = 1
configure:3915: result: no
configure: failed program was:
| /* confdefs.h */
| #define PACKAGE_NAME "libffi"
| #define PACKAGE_TARNAME "libffi"
| #define PACKAGE_VERSION "3.1"
| #define PACKAGE_STRING "libffi 3.1"
| #define PACKAGE_BUGREPORT "http://github.com/atgreen/libffi/issues"
| #define PACKAGE_URL ""
| #define PACKAGE "libffi"
| #define VERSION "3.1"
| /* end confdefs.h.  */
| 
| int
| main ()
| {
| 
|   ;
|   return 0;
| }
configure:3920: error: in `/Users/rahul/Desktop/testlibffi/libffi-3.1/build_iphonesimulator-i386':
configure:3922: error: C compiler cannot create executables
See `config.log' for more details

## ---------------- ##
## Cache variables. ##
## ---------------- ##

ac_cv_build=i386-apple-darwin14.0.0
ac_cv_env_CCASFLAGS_set=
ac_cv_env_CCASFLAGS_value=
ac_cv_env_CCAS_set=
ac_cv_env_CCAS_value=
ac_cv_env_CPPFLAGS_set=
ac_cv_env_CPPFLAGS_value=
ac_cv_env_CPP_set=
ac_cv_env_CPP_value=
ac_cv_env_CXXCPP_set=
ac_cv_env_CXXCPP_value=
ac_cv_env_build_alias_set=
ac_cv_env_build_alias_value=
ac_cv_env_host_alias_set=set
ac_cv_env_host_alias_value=i386-apple-darwin11
ac_cv_env_target_alias_set=
ac_cv_env_target_alias_value=
ac_cv_host=i386-apple-darwin11
ac_cv_path_ax_enable_builddir_sed=sed
ac_cv_path_install='/usr/bin/install -c'
ac_cv_prog_AWK=awk
ac_cv_prog_CC='xcrun -sdk iphonesimulator clang -arch i386'
ac_cv_prog_ac_ct_STRIP=strip
ac_cv_prog_make_make_set=yes
ac_cv_target=i386-apple-darwin11
am_cv_make_support_nested_variables=yes

## ----------------- ##
## Output variables. ##
## ----------------- ##

AARCH64_FALSE=''
AARCH64_TRUE=''
ACLOCAL='${SHELL} /Users/rahul/Desktop/testlibffi/libffi-3.1/missing aclocal-1.13'
ALLOCA=''
ALPHA_FALSE=''
ALPHA_TRUE=''
AMDEPBACKSLASH=''
AMDEP_FALSE=''
AMDEP_TRUE=''
AMTAR='$${TAR-tar}'
AM_BACKSLASH='\'
AM_DEFAULT_V='$(AM_DEFAULT_VERBOSITY)'
AM_DEFAULT_VERBOSITY='1'
AM_LTLDFLAGS=''
AM_RUNTESTFLAGS=''
AM_V='$(V)'
AR=''
ARC_FALSE=''
ARC_TRUE=''
ARM_FALSE=''
ARM_TRUE=''
AUTOCONF='${SHELL} /Users/rahul/Desktop/testlibffi/libffi-3.1/missing autoconf'
AUTOHEADER='${SHELL} /Users/rahul/Desktop/testlibffi/libffi-3.1/missing autoheader'
AUTOMAKE='${SHELL} /Users/rahul/Desktop/testlibffi/libffi-3.1/missing automake-1.13'
AVR32_FALSE=''
AVR32_TRUE=''
AWK='awk'
BFIN_FALSE=''
BFIN_TRUE=''
CC='xcrun -sdk iphonesimulator clang -arch i386'
CCAS=''
CCASDEPMODE=''
CCASFLAGS=''
CCDEPMODE=''
CFLAGS='-miphoneos-version-min=5.1.1'
CPP=''
CPPFLAGS=''
CXX=''
CXXCPP=''
CXXDEPMODE=''
CXXFLAGS=''
CYGPATH_W='echo'
DEFS=''
DEPDIR=''
DLLTOOL=''
DSYMUTIL=''
DUMPBIN=''
ECHO_C='\c'
ECHO_N=''
ECHO_T=''
EGREP=''
EXEEXT=''
FFI_DEBUG_FALSE=''
FFI_DEBUG_TRUE=''
FFI_EXEC_TRAMPOLINE_TABLE=''
FFI_EXEC_TRAMPOLINE_TABLE_FALSE=''
FFI_EXEC_TRAMPOLINE_TABLE_TRUE=''
FGREP=''
FRV_FALSE=''
FRV_TRUE=''
GREP=''
HAVE_LONG_DOUBLE=''
HAVE_LONG_DOUBLE_VARIANT=''
IA64_FALSE=''
IA64_TRUE=''
INSTALL_DATA='${INSTALL} -m 644'
INSTALL_PROGRAM='${INSTALL}'
INSTALL_SCRIPT='${INSTALL}'
INSTALL_STRIP_PROGRAM='$(install_sh) -c -s'
LD='xcrun -sdk iphonesimulator ld -arch i386'
LDFLAGS=''
LIBFFI_CRIS_FALSE=''
LIBFFI_CRIS_TRUE=''
LIBOBJS=''
LIBS=''
LIBTOOL=''
LIPO=''
LN_S=''
LTLIBOBJS=''
M32R_FALSE=''
M32R_TRUE=''
M68K_FALSE=''
M68K_TRUE=''
M88K_FALSE=''
M88K_TRUE=''
MAINT=''
MAINTAINER_MODE_FALSE=''
MAINTAINER_MODE_TRUE=''
MAKEINFO='${SHELL} /Users/rahul/Desktop/testlibffi/libffi-3.1/missing makeinfo'
MANIFEST_TOOL=''
METAG_FALSE=''
METAG_TRUE=''
MICROBLAZE_FALSE=''
MICROBLAZE_TRUE=''
MIPS_FALSE=''
MIPS_TRUE=''
MKDIR_P='../install-sh -c -d'
MOXIE_FALSE=''
MOXIE_TRUE=''
NIOS2_FALSE=''
NIOS2_TRUE=''
NM=''
NMEDIT=''
OBJDUMP=''
OBJEXT=''
OTOOL64=''
OTOOL=''
PA64_HPUX_FALSE=''
PA64_HPUX_TRUE=''
PACKAGE='libffi'
PACKAGE_BUGREPORT='http://github.com/atgreen/libffi/issues'
PACKAGE_NAME='libffi'
PACKAGE_STRING='libffi 3.1'
PACKAGE_TARNAME='libffi'
PACKAGE_URL=''
PACKAGE_VERSION='3.1'
PATH_SEPARATOR=':'
PA_HPUX_FALSE=''
PA_HPUX_TRUE=''
PA_LINUX_FALSE=''
PA_LINUX_TRUE=''
POWERPC_AIX_FALSE=''
POWERPC_AIX_TRUE=''
POWERPC_DARWIN_FALSE=''
POWERPC_DARWIN_TRUE=''
POWERPC_FALSE=''
POWERPC_FREEBSD_FALSE=''
POWERPC_FREEBSD_TRUE=''
POWERPC_TRUE=''
PRTDIAG=''
RANLIB=''
S390_FALSE=''
S390_TRUE=''
SED=''
SET_MAKE=''
SH64_FALSE=''
SH64_TRUE=''
SHELL='/bin/sh'
SH_FALSE=''
SH_TRUE=''
SPARC_FALSE=''
SPARC_TRUE=''
STRIP='strip'
TARGET=''
TARGETDIR=''
TESTSUBDIR_FALSE=''
TESTSUBDIR_TRUE=''
TILE_FALSE=''
TILE_TRUE=''
VAX_FALSE=''
VAX_TRUE=''
VERSION='3.1'
X86_64_FALSE=''
X86_64_TRUE=''
X86_DARWIN32_FALSE=''
X86_DARWIN32_TRUE=''
X86_DARWIN64_FALSE=''
X86_DARWIN64_TRUE=''
X86_DARWIN_FALSE=''
X86_DARWIN_TRUE=''
X86_FALSE=''
X86_FREEBSD_FALSE=''
X86_FREEBSD_TRUE=''
X86_TRUE=''
X86_WIN32_FALSE=''
X86_WIN32_TRUE=''
X86_WIN64_FALSE=''
X86_WIN64_TRUE=''
XTENSA_FALSE=''
XTENSA_TRUE=''
ac_ct_AR=''
ac_ct_CC=''
ac_ct_CXX=''
ac_ct_DUMPBIN=''
am__EXEEXT_FALSE=''
am__EXEEXT_TRUE=''
am__fastdepCCAS_FALSE=''
am__fastdepCCAS_TRUE=''
am__fastdepCC_FALSE=''
am__fastdepCC_TRUE=''
am__fastdepCXX_FALSE=''
am__fastdepCXX_TRUE=''
am__include=''
am__isrc=' -I$(srcdir)'
am__leading_dot='.'
am__nodep=''
am__quote=''
am__tar='$${TAR-tar} chof - "$$tardir"'
am__untar='$${TAR-tar} xf -'
ax_enable_builddir_sed='sed'
bindir='${exec_prefix}/bin'
build='i386-apple-darwin14.0.0'
build_alias=''
build_cpu='i386'
build_os='darwin14.0.0'
build_vendor='apple'
datadir='${datarootdir}'
datarootdir='${prefix}/share'
docdir='${datarootdir}/doc/${PACKAGE_TARNAME}'
dvidir='${docdir}'
exec_prefix='NONE'
host='i386-apple-darwin11'
host_alias='i386-apple-darwin11'
host_cpu='i386'
host_os='darwin11'
host_vendor='apple'
htmldir='${docdir}'
includedir='${prefix}/include'
infodir='${datarootdir}/info'
install_sh='${SHELL} /Users/rahul/Desktop/testlibffi/libffi-3.1/install-sh'
libdir='${exec_prefix}/lib'
libexecdir='${exec_prefix}/libexec'
localedir='${datarootdir}/locale'
localstatedir='${prefix}/var'
mandir='${datarootdir}/man'
mkdir_p='$(MKDIR_P)'
oldincludedir='/usr/include'
pdfdir='${docdir}'
prefix='NONE'
program_transform_name='s,x,x,'
psdir='${docdir}'
sbindir='${exec_prefix}/sbin'
sharedstatedir='${prefix}/com'
sys_symbol_underscore=''
sysconfdir='${prefix}/etc'
target='i386-apple-darwin11'
target_alias='i386-apple-darwin11'
target_cpu='i386'
target_os='darwin11'
target_vendor='apple'
toolexecdir=''
toolexeclibdir=''

## ----------- ##
## confdefs.h. ##
## ----------- ##

/* confdefs.h */
#define PACKAGE_NAME "libffi"
#define PACKAGE_TARNAME "libffi"
#define PACKAGE_VERSION "3.1"
#define PACKAGE_STRING "libffi 3.1"
#define PACKAGE_BUGREPORT "http://github.com/atgreen/libffi/issues"
#define PACKAGE_URL ""
#define PACKAGE "libffi"
#define VERSION "3.1"

configure: exit 77
