This file contains any messages produced by compilers while
running configure, to aid debugging if configure makes a mistake.

It was created by configure, which was
generated by GNU Autoconf 2.68.  Invocation command line was

  $ ./configure --disable-option-checking --prefix=/Users/rahul/Desktop/ios_compilation/libiconv-1.14/dependencies --build=x86_64-apple-darwin --host=arm-apple-darwin --enable-static --disable-shared build_alias=x86_64-apple-darwin host_alias=arm-apple-darwin CFLAGS=-arch arm64 -isysroot /Applications/Xcode.app/Contents/Developer/Platforms/iPhoneOS.platform/Developer/SDKs/iPhoneOS8.1.sdk -miphoneos-version-min=8.1  LDFLAGS=-L/Users/rahul/Desktop/ios_compilation/libiconv-1.14/dependencies/lib -L/usr/local/lib -L/Applications/Xcode.app/Contents/Developer/Platforms/iPhoneOS.platform/Developer/SDKs/iPhoneOS8.1.sdk/usr/lib  -arch arm64 -isysroot /Applications/Xcode.app/Contents/Developer/Platforms/iPhoneOS.platform/Developer/SDKs/iPhoneOS8.1.sdk -miphoneos-version-min=8.1  CPPFLAGS=-I/Users/rahul/Desktop/ios_compilation/libiconv-1.14/dependencies/include -I/usr/local/lib -I/Applications/Xcode.app/Contents/Developer/Platforms/iPhoneOS.platform/Developer/SDKs/iPhoneOS8.1.sdk/usr/include/  -arch arm64 -isysroot /Applications/Xcode.app/Contents/Developer/Platforms/iPhoneOS.platform/Developer/SDKs/iPhoneOS8.1.sdk -miphoneos-version-min=8.1  --cache-file=/dev/null --srcdir=.

## --------- ##
## Platform. ##
## --------- ##

hostname = RahulNew-iMac-3.local
uname -m = x86_64
uname -r = 14.0.0
uname -s = Darwin
uname -v = Darwin Kernel Version 14.0.0: Fri Sep 19 00:26:44 PDT 2014; root:xnu-2782.1.97~2/RELEASE_X86_64

/usr/bin/uname -p = i386
/bin/uname -X     = unknown

/bin/arch              = unknown
/usr/bin/arch -k       = unknown
/usr/convex/getsysinfo = unknown
/usr/bin/hostinfo      = Mach kernel version:
	 Darwin Kernel Version 14.0.0: Fri Sep 19 00:26:44 PDT 2014; root:xnu-2782.1.97~2/RELEASE_X86_64
Kernel configured for up to 4 processors.
4 processors are physically available.
4 processors are logically available.
Processor type: i486 (Intel 80486)
Processors active: 0 1 2 3
Primary memory available: 8.00 gigabytes
Default processor set: 198 tasks, 858 threads, 4 processors
Load average: 2.61, Mach factor: 1.41
/bin/machine           = unknown
/usr/bin/oslevel       = unknown
/bin/universe          = unknown

PATH: /Users/rahul/Desktop/ios_compilation/libiconv-1.14/dependencies/bin/
PATH: /Applications/Xcode.app/Contents/Developer/Toolchains/XcodeDefault.xctoolchain/usr/bin
PATH: /Applications/Xcode.app/Contents/Developer/usr/bin
PATH: /usr/bin
PATH: /bin
PATH: /usr/sbin
PATH: /sbin
PATH: /usr/local/bin
PATH: /opt/local/bin
PATH: /usr/local/git/bin


## ----------- ##
## Core tests. ##
## ----------- ##

configure:2172: checking whether make sets $(MAKE)
configure:2194: result: yes
configure:2215: checking for arm-apple-darwin-gcc
configure:2245: result: no
configure:2255: checking for gcc
configure:2271: found /Applications/Xcode.app/Contents/Developer/usr/bin/gcc
configure:2282: result: gcc
configure:2294: WARNING: using cross tools not prefixed with host triplet
configure:2511: checking for C compiler version
configure:2520: gcc --version >&5
Apple LLVM version 6.0 (clang-600.0.54) (based on LLVM 3.5svn)
Target: x86_64-apple-darwin14.0.0
Thread model: posix
Configured with: --prefix=/Applications/Xcode.app/Contents/Developer/usr --with-gxx-include-dir=/Applications/Xcode.app/Contents/Developer/Platforms/iPhoneOS.platform/Developer/SDKs/iPhoneOS8.1.sdk/usr/include/c++/4.2.1
configure:2531: $? = 0
configure:2520: gcc -v >&5
Configured with: --prefix=/Applications/Xcode.app/Contents/Developer/usr --with-gxx-include-dir=/Applications/Xcode.app/Contents/Developer/Platforms/iPhoneOS.platform/Developer/SDKs/iPhoneOS8.1.sdk/usr/include/c++/4.2.1
Apple LLVM version 6.0 (clang-600.0.54) (based on LLVM 3.5svn)
Target: x86_64-apple-darwin14.0.0
Thread model: posix
configure:2531: $? = 0
configure:2520: gcc -V >&5
clang: error: argument to '-V' is missing (expected 1 value)
clang: error: no input files
configure:2531: $? = 1
configure:2520: gcc -qversion >&5
clang: error: unknown argument: '-qversion'
clang: error: no input files
configure:2531: $? = 1
configure:2551: checking whether the C compiler works
configure:2573: gcc -arch arm64 -isysroot /Applications/Xcode.app/Contents/Developer/Platforms/iPhoneOS.platform/Developer/SDKs/iPhoneOS8.1.sdk -miphoneos-version-min=8.1  -I/Users/rahul/Desktop/ios_compilation/libiconv-1.14/dependencies/include -I/usr/local/lib -I/Applications/Xcode.app/Contents/Developer/Platforms/iPhoneOS.platform/Developer/SDKs/iPhoneOS8.1.sdk/usr/include/  -arch arm64 -isysroot /Applications/Xcode.app/Contents/Developer/Platforms/iPhoneOS.platform/Developer/SDKs/iPhoneOS8.1.sdk -miphoneos-version-min=8.1  -L/Users/rahul/Desktop/ios_compilation/libiconv-1.14/dependencies/lib -L/usr/local/lib -L/Applications/Xcode.app/Contents/Developer/Platforms/iPhoneOS.platform/Developer/SDKs/iPhoneOS8.1.sdk/usr/lib  -arch arm64 -isysroot /Applications/Xcode.app/Contents/Developer/Platforms/iPhoneOS.platform/Developer/SDKs/iPhoneOS8.1.sdk -miphoneos-version-min=8.1  conftest.c  >&5
ld: warning: directory not found for option '-L/Users/rahul/Desktop/ios_compilation/libiconv-1.14/dependencies/lib'
configure:2577: $? = 0
configure:2625: result: yes
configure:2628: checking for C compiler default output file name
configure:2630: result: a.out
configure:2636: checking for suffix of executables
configure:2643: gcc -o conftest -arch arm64 -isysroot /Applications/Xcode.app/Contents/Developer/Platforms/iPhoneOS.platform/Developer/SDKs/iPhoneOS8.1.sdk -miphoneos-version-min=8.1  -I/Users/rahul/Desktop/ios_compilation/libiconv-1.14/dependencies/include -I/usr/local/lib -I/Applications/Xcode.app/Contents/Developer/Platforms/iPhoneOS.platform/Developer/SDKs/iPhoneOS8.1.sdk/usr/include/  -arch arm64 -isysroot /Applications/Xcode.app/Contents/Developer/Platforms/iPhoneOS.platform/Developer/SDKs/iPhoneOS8.1.sdk -miphoneos-version-min=8.1  -L/Users/rahul/Desktop/ios_compilation/libiconv-1.14/dependencies/lib -L/usr/local/lib -L/Applications/Xcode.app/Contents/Developer/Platforms/iPhoneOS.platform/Developer/SDKs/iPhoneOS8.1.sdk/usr/lib  -arch arm64 -isysroot /Applications/Xcode.app/Contents/Developer/Platforms/iPhoneOS.platform/Developer/SDKs/iPhoneOS8.1.sdk -miphoneos-version-min=8.1  conftest.c  >&5
ld: warning: directory not found for option '-L/Users/rahul/Desktop/ios_compilation/libiconv-1.14/dependencies/lib'
configure:2647: $? = 0
configure:2669: result: 
configure:2691: checking whether we are cross compiling
configure:2729: result: yes
configure:2734: checking for suffix of object files
configure:2756: gcc -c -arch arm64 -isysroot /Applications/Xcode.app/Contents/Developer/Platforms/iPhoneOS.platform/Developer/SDKs/iPhoneOS8.1.sdk -miphoneos-version-min=8.1  -I/Users/rahul/Desktop/ios_compilation/libiconv-1.14/dependencies/include -I/usr/local/lib -I/Applications/Xcode.app/Contents/Developer/Platforms/iPhoneOS.platform/Developer/SDKs/iPhoneOS8.1.sdk/usr/include/  -arch arm64 -isysroot /Applications/Xcode.app/Contents/Developer/Platforms/iPhoneOS.platform/Developer/SDKs/iPhoneOS8.1.sdk -miphoneos-version-min=8.1  conftest.c >&5
configure:2760: $? = 0
configure:2781: result: o
configure:2785: checking whether we are using the GNU C compiler
configure:2804: gcc -c -arch arm64 -isysroot /Applications/Xcode.app/Contents/Developer/Platforms/iPhoneOS.platform/Developer/SDKs/iPhoneOS8.1.sdk -miphoneos-version-min=8.1  -I/Users/rahul/Desktop/ios_compilation/libiconv-1.14/dependencies/include -I/usr/local/lib -I/Applications/Xcode.app/Contents/Developer/Platforms/iPhoneOS.platform/Developer/SDKs/iPhoneOS8.1.sdk/usr/include/  -arch arm64 -isysroot /Applications/Xcode.app/Contents/Developer/Platforms/iPhoneOS.platform/Developer/SDKs/iPhoneOS8.1.sdk -miphoneos-version-min=8.1  conftest.c >&5
configure:2804: $? = 0
configure:2813: result: yes
configure:2822: checking whether gcc accepts -g
configure:2842: gcc -c -g -I/Users/rahul/Desktop/ios_compilation/libiconv-1.14/dependencies/include -I/usr/local/lib -I/Applications/Xcode.app/Contents/Developer/Platforms/iPhoneOS.platform/Developer/SDKs/iPhoneOS8.1.sdk/usr/include/  -arch arm64 -isysroot /Applications/Xcode.app/Contents/Developer/Platforms/iPhoneOS.platform/Developer/SDKs/iPhoneOS8.1.sdk -miphoneos-version-min=8.1  conftest.c >&5
configure:2842: $? = 0
configure:2883: result: yes
configure:2900: checking for gcc option to accept ISO C89
configure:2964: gcc  -c -arch arm64 -isysroot /Applications/Xcode.app/Contents/Developer/Platforms/iPhoneOS.platform/Developer/SDKs/iPhoneOS8.1.sdk -miphoneos-version-min=8.1  -I/Users/rahul/Desktop/ios_compilation/libiconv-1.14/dependencies/include -I/usr/local/lib -I/Applications/Xcode.app/Contents/Developer/Platforms/iPhoneOS.platform/Developer/SDKs/iPhoneOS8.1.sdk/usr/include/  -arch arm64 -isysroot /Applications/Xcode.app/Contents/Developer/Platforms/iPhoneOS.platform/Developer/SDKs/iPhoneOS8.1.sdk -miphoneos-version-min=8.1  conftest.c >&5
configure:2964: $? = 0
configure:2977: result: none needed
configure:3002: checking how to run the C preprocessor
configure:3033: gcc -E -I/Users/rahul/Desktop/ios_compilation/libiconv-1.14/dependencies/include -I/usr/local/lib -I/Applications/Xcode.app/Contents/Developer/Platforms/iPhoneOS.platform/Developer/SDKs/iPhoneOS8.1.sdk/usr/include/  -arch arm64 -isysroot /Applications/Xcode.app/Contents/Developer/Platforms/iPhoneOS.platform/Developer/SDKs/iPhoneOS8.1.sdk -miphoneos-version-min=8.1  conftest.c
configure:3033: $? = 0
configure:3047: gcc -E -I/Users/rahul/Desktop/ios_compilation/libiconv-1.14/dependencies/include -I/usr/local/lib -I/Applications/Xcode.app/Contents/Developer/Platforms/iPhoneOS.platform/Developer/SDKs/iPhoneOS8.1.sdk/usr/include/  -arch arm64 -isysroot /Applications/Xcode.app/Contents/Developer/Platforms/iPhoneOS.platform/Developer/SDKs/iPhoneOS8.1.sdk -miphoneos-version-min=8.1  conftest.c
conftest.c:9:10: fatal error: 'ac_nonexistent.h' file not found
#include <ac_nonexistent.h>
         ^
1 error generated.
configure:3047: $? = 1
configure: failed program was:
| /* confdefs.h */
| #define PACKAGE_NAME ""
| #define PACKAGE_TARNAME ""
| #define PACKAGE_VERSION ""
| #define PACKAGE_STRING ""
| #define PACKAGE_BUGREPORT ""
| #define PACKAGE_URL ""
| /* end confdefs.h.  */
| #include <ac_nonexistent.h>
configure:3072: result: gcc -E
configure:3092: gcc -E -I/Users/rahul/Desktop/ios_compilation/libiconv-1.14/dependencies/include -I/usr/local/lib -I/Applications/Xcode.app/Contents/Developer/Platforms/iPhoneOS.platform/Developer/SDKs/iPhoneOS8.1.sdk/usr/include/  -arch arm64 -isysroot /Applications/Xcode.app/Contents/Developer/Platforms/iPhoneOS.platform/Developer/SDKs/iPhoneOS8.1.sdk -miphoneos-version-min=8.1  conftest.c
configure:3092: $? = 0
configure:3106: gcc -E -I/Users/rahul/Desktop/ios_compilation/libiconv-1.14/dependencies/include -I/usr/local/lib -I/Applications/Xcode.app/Contents/Developer/Platforms/iPhoneOS.platform/Developer/SDKs/iPhoneOS8.1.sdk/usr/include/  -arch arm64 -isysroot /Applications/Xcode.app/Contents/Developer/Platforms/iPhoneOS.platform/Developer/SDKs/iPhoneOS8.1.sdk -miphoneos-version-min=8.1  conftest.c
conftest.c:9:10: fatal error: 'ac_nonexistent.h' file not found
#include <ac_nonexistent.h>
         ^
1 error generated.
configure:3106: $? = 1
configure: failed program was:
| /* confdefs.h */
| #define PACKAGE_NAME ""
| #define PACKAGE_TARNAME ""
| #define PACKAGE_VERSION ""
| #define PACKAGE_STRING ""
| #define PACKAGE_BUGREPORT ""
| #define PACKAGE_URL ""
| /* end confdefs.h.  */
| #include <ac_nonexistent.h>
configure:3148: checking for a BSD-compatible install
configure:3216: result: /usr/bin/install -c
configure:3233: checking build system type
configure:3247: result: x86_64-apple-darwin
configure:3267: checking host system type
configure:3280: result: arm-apple-darwin
configure:3303: checking whether to activate relocatable installation
configure:3318: result: no
configure:3352: checking whether ln -s works
configure:3356: result: yes
configure:3367: checking for grep that handles long lines and -e
configure:3425: result: /usr/bin/grep
configure:3430: checking for egrep
configure:3492: result: /usr/bin/grep -E
configure:3497: checking for ANSI C header files
configure:3517: gcc -c -arch arm64 -isysroot /Applications/Xcode.app/Contents/Developer/Platforms/iPhoneOS.platform/Developer/SDKs/iPhoneOS8.1.sdk -miphoneos-version-min=8.1  -I/Users/rahul/Desktop/ios_compilation/libiconv-1.14/dependencies/include -I/usr/local/lib -I/Applications/Xcode.app/Contents/Developer/Platforms/iPhoneOS.platform/Developer/SDKs/iPhoneOS8.1.sdk/usr/include/  -arch arm64 -isysroot /Applications/Xcode.app/Contents/Developer/Platforms/iPhoneOS.platform/Developer/SDKs/iPhoneOS8.1.sdk -miphoneos-version-min=8.1  conftest.c >&5
configure:3517: $? = 0
configure:3601: result: yes
configure:3614: checking for sys/types.h
configure:3614: gcc -c -arch arm64 -isysroot /Applications/Xcode.app/Contents/Developer/Platforms/iPhoneOS.platform/Developer/SDKs/iPhoneOS8.1.sdk -miphoneos-version-min=8.1  -I/Users/rahul/Desktop/ios_compilation/libiconv-1.14/dependencies/include -I/usr/local/lib -I/Applications/Xcode.app/Contents/Developer/Platforms/iPhoneOS.platform/Developer/SDKs/iPhoneOS8.1.sdk/usr/include/  -arch arm64 -isysroot /Applications/Xcode.app/Contents/Developer/Platforms/iPhoneOS.platform/Developer/SDKs/iPhoneOS8.1.sdk -miphoneos-version-min=8.1  conftest.c >&5
configure:3614: $? = 0
configure:3614: result: yes
configure:3614: checking for sys/stat.h
configure:3614: gcc -c -arch arm64 -isysroot /Applications/Xcode.app/Contents/Developer/Platforms/iPhoneOS.platform/Developer/SDKs/iPhoneOS8.1.sdk -miphoneos-version-min=8.1  -I/Users/rahul/Desktop/ios_compilation/libiconv-1.14/dependencies/include -I/usr/local/lib -I/Applications/Xcode.app/Contents/Developer/Platforms/iPhoneOS.platform/Developer/SDKs/iPhoneOS8.1.sdk/usr/include/  -arch arm64 -isysroot /Applications/Xcode.app/Contents/Developer/Platforms/iPhoneOS.platform/Developer/SDKs/iPhoneOS8.1.sdk -miphoneos-version-min=8.1  conftest.c >&5
configure:3614: $? = 0
configure:3614: result: yes
configure:3614: checking for stdlib.h
configure:3614: gcc -c -arch arm64 -isysroot /Applications/Xcode.app/Contents/Developer/Platforms/iPhoneOS.platform/Developer/SDKs/iPhoneOS8.1.sdk -miphoneos-version-min=8.1  -I/Users/rahul/Desktop/ios_compilation/libiconv-1.14/dependencies/include -I/usr/local/lib -I/Applications/Xcode.app/Contents/Developer/Platforms/iPhoneOS.platform/Developer/SDKs/iPhoneOS8.1.sdk/usr/include/  -arch arm64 -isysroot /Applications/Xcode.app/Contents/Developer/Platforms/iPhoneOS.platform/Developer/SDKs/iPhoneOS8.1.sdk -miphoneos-version-min=8.1  conftest.c >&5
configure:3614: $? = 0
configure:3614: result: yes
configure:3614: checking for string.h
configure:3614: gcc -c -arch arm64 -isysroot /Applications/Xcode.app/Contents/Developer/Platforms/iPhoneOS.platform/Developer/SDKs/iPhoneOS8.1.sdk -miphoneos-version-min=8.1  -I/Users/rahul/Desktop/ios_compilation/libiconv-1.14/dependencies/include -I/usr/local/lib -I/Applications/Xcode.app/Contents/Developer/Platforms/iPhoneOS.platform/Developer/SDKs/iPhoneOS8.1.sdk/usr/include/  -arch arm64 -isysroot /Applications/Xcode.app/Contents/Developer/Platforms/iPhoneOS.platform/Developer/SDKs/iPhoneOS8.1.sdk -miphoneos-version-min=8.1  conftest.c >&5
configure:3614: $? = 0
configure:3614: result: yes
configure:3614: checking for memory.h
configure:3614: gcc -c -arch arm64 -isysroot /Applications/Xcode.app/Contents/Developer/Platforms/iPhoneOS.platform/Developer/SDKs/iPhoneOS8.1.sdk -miphoneos-version-min=8.1  -I/Users/rahul/Desktop/ios_compilation/libiconv-1.14/dependencies/include -I/usr/local/lib -I/Applications/Xcode.app/Contents/Developer/Platforms/iPhoneOS.platform/Developer/SDKs/iPhoneOS8.1.sdk/usr/include/  -arch arm64 -isysroot /Applications/Xcode.app/Contents/Developer/Platforms/iPhoneOS.platform/Developer/SDKs/iPhoneOS8.1.sdk -miphoneos-version-min=8.1  conftest.c >&5
configure:3614: $? = 0
configure:3614: result: yes
configure:3614: checking for strings.h
configure:3614: gcc -c -arch arm64 -isysroot /Applications/Xcode.app/Contents/Developer/Platforms/iPhoneOS.platform/Developer/SDKs/iPhoneOS8.1.sdk -miphoneos-version-min=8.1  -I/Users/rahul/Desktop/ios_compilation/libiconv-1.14/dependencies/include -I/usr/local/lib -I/Applications/Xcode.app/Contents/Developer/Platforms/iPhoneOS.platform/Developer/SDKs/iPhoneOS8.1.sdk/usr/include/  -arch arm64 -isysroot /Applications/Xcode.app/Contents/Developer/Platforms/iPhoneOS.platform/Developer/SDKs/iPhoneOS8.1.sdk -miphoneos-version-min=8.1  conftest.c >&5
configure:3614: $? = 0
configure:3614: result: yes
configure:3614: checking for inttypes.h
configure:3614: gcc -c -arch arm64 -isysroot /Applications/Xcode.app/Contents/Developer/Platforms/iPhoneOS.platform/Developer/SDKs/iPhoneOS8.1.sdk -miphoneos-version-min=8.1  -I/Users/rahul/Desktop/ios_compilation/libiconv-1.14/dependencies/include -I/usr/local/lib -I/Applications/Xcode.app/Contents/Developer/Platforms/iPhoneOS.platform/Developer/SDKs/iPhoneOS8.1.sdk/usr/include/  -arch arm64 -isysroot /Applications/Xcode.app/Contents/Developer/Platforms/iPhoneOS.platform/Developer/SDKs/iPhoneOS8.1.sdk -miphoneos-version-min=8.1  conftest.c >&5
configure:3614: $? = 0
configure:3614: result: yes
configure:3614: checking for stdint.h
configure:3614: gcc -c -arch arm64 -isysroot /Applications/Xcode.app/Contents/Developer/Platforms/iPhoneOS.platform/Developer/SDKs/iPhoneOS8.1.sdk -miphoneos-version-min=8.1  -I/Users/rahul/Desktop/ios_compilation/libiconv-1.14/dependencies/include -I/usr/local/lib -I/Applications/Xcode.app/Contents/Developer/Platforms/iPhoneOS.platform/Developer/SDKs/iPhoneOS8.1.sdk/usr/include/  -arch arm64 -isysroot /Applications/Xcode.app/Contents/Developer/Platforms/iPhoneOS.platform/Developer/SDKs/iPhoneOS8.1.sdk -miphoneos-version-min=8.1  conftest.c >&5
configure:3614: $? = 0
configure:3614: result: yes
configure:3614: checking for unistd.h
configure:3614: gcc -c -arch arm64 -isysroot /Applications/Xcode.app/Contents/Developer/Platforms/iPhoneOS.platform/Developer/SDKs/iPhoneOS8.1.sdk -miphoneos-version-min=8.1  -I/Users/rahul/Desktop/ios_compilation/libiconv-1.14/dependencies/include -I/usr/local/lib -I/Applications/Xcode.app/Contents/Developer/Platforms/iPhoneOS.platform/Developer/SDKs/iPhoneOS8.1.sdk/usr/include/  -arch arm64 -isysroot /Applications/Xcode.app/Contents/Developer/Platforms/iPhoneOS.platform/Developer/SDKs/iPhoneOS8.1.sdk -miphoneos-version-min=8.1  conftest.c >&5
configure:3614: $? = 0
configure:3614: result: yes
configure:3629: checking minix/config.h usability
configure:3629: gcc -c -arch arm64 -isysroot /Applications/Xcode.app/Contents/Developer/Platforms/iPhoneOS.platform/Developer/SDKs/iPhoneOS8.1.sdk -miphoneos-version-min=8.1  -I/Users/rahul/Desktop/ios_compilation/libiconv-1.14/dependencies/include -I/usr/local/lib -I/Applications/Xcode.app/Contents/Developer/Platforms/iPhoneOS.platform/Developer/SDKs/iPhoneOS8.1.sdk/usr/include/  -arch arm64 -isysroot /Applications/Xcode.app/Contents/Developer/Platforms/iPhoneOS.platform/Developer/SDKs/iPhoneOS8.1.sdk -miphoneos-version-min=8.1  conftest.c >&5
conftest.c:53:10: fatal error: 'minix/config.h' file not found
#include <minix/config.h>
         ^
1 error generated.
configure:3629: $? = 1
configure: failed program was:
| /* confdefs.h */
| #define PACKAGE_NAME ""
| #define PACKAGE_TARNAME ""
| #define PACKAGE_VERSION ""
| #define PACKAGE_STRING ""
| #define PACKAGE_BUGREPORT ""
| #define PACKAGE_URL ""
| #define INSTALLPREFIX "/Users/rahul/Desktop/ios_compilation/libiconv-1.14/dependencies"
| #define STDC_HEADERS 1
| #define HAVE_SYS_TYPES_H 1
| #define HAVE_SYS_STAT_H 1
| #define HAVE_STDLIB_H 1
| #define HAVE_STRING_H 1
| #define HAVE_MEMORY_H 1
| #define HAVE_STRINGS_H 1
| #define HAVE_INTTYPES_H 1
| #define HAVE_STDINT_H 1
| #define HAVE_UNISTD_H 1
| /* end confdefs.h.  */
| #include <stdio.h>
| #ifdef HAVE_SYS_TYPES_H
| # include <sys/types.h>
| #endif
| #ifdef HAVE_SYS_STAT_H
| # include <sys/stat.h>
| #endif
| #ifdef STDC_HEADERS
| # include <stdlib.h>
| # include <stddef.h>
| #else
| # ifdef HAVE_STDLIB_H
| #  include <stdlib.h>
| # endif
| #endif
| #ifdef HAVE_STRING_H
| # if !defined STDC_HEADERS && defined HAVE_MEMORY_H
| #  include <memory.h>
| # endif
| # include <string.h>
| #endif
| #ifdef HAVE_STRINGS_H
| # include <strings.h>
| #endif
| #ifdef HAVE_INTTYPES_H
| # include <inttypes.h>
| #endif
| #ifdef HAVE_STDINT_H
| # include <stdint.h>
| #endif
| #ifdef HAVE_UNISTD_H
| # include <unistd.h>
| #endif
| #include <minix/config.h>
configure:3629: result: no
configure:3629: checking minix/config.h presence
configure:3629: gcc -E -I/Users/rahul/Desktop/ios_compilation/libiconv-1.14/dependencies/include -I/usr/local/lib -I/Applications/Xcode.app/Contents/Developer/Platforms/iPhoneOS.platform/Developer/SDKs/iPhoneOS8.1.sdk/usr/include/  -arch arm64 -isysroot /Applications/Xcode.app/Contents/Developer/Platforms/iPhoneOS.platform/Developer/SDKs/iPhoneOS8.1.sdk -miphoneos-version-min=8.1  conftest.c
conftest.c:20:10: fatal error: 'minix/config.h' file not found
#include <minix/config.h>
         ^
1 error generated.
configure:3629: $? = 1
configure: failed program was:
| /* confdefs.h */
| #define PACKAGE_NAME ""
| #define PACKAGE_TARNAME ""
| #define PACKAGE_VERSION ""
| #define PACKAGE_STRING ""
| #define PACKAGE_BUGREPORT ""
| #define PACKAGE_URL ""
| #define INSTALLPREFIX "/Users/rahul/Desktop/ios_compilation/libiconv-1.14/dependencies"
| #define STDC_HEADERS 1
| #define HAVE_SYS_TYPES_H 1
| #define HAVE_SYS_STAT_H 1
| #define HAVE_STDLIB_H 1
| #define HAVE_STRING_H 1
| #define HAVE_MEMORY_H 1
| #define HAVE_STRINGS_H 1
| #define HAVE_INTTYPES_H 1
| #define HAVE_STDINT_H 1
| #define HAVE_UNISTD_H 1
| /* end confdefs.h.  */
| #include <minix/config.h>
configure:3629: result: no
configure:3629: checking for minix/config.h
configure:3629: result: no
configure:3658: checking whether it is safe to define __EXTENSIONS__
configure:3676: gcc -c -arch arm64 -isysroot /Applications/Xcode.app/Contents/Developer/Platforms/iPhoneOS.platform/Developer/SDKs/iPhoneOS8.1.sdk -miphoneos-version-min=8.1  -I/Users/rahul/Desktop/ios_compilation/libiconv-1.14/dependencies/include -I/usr/local/lib -I/Applications/Xcode.app/Contents/Developer/Platforms/iPhoneOS.platform/Developer/SDKs/iPhoneOS8.1.sdk/usr/include/  -arch arm64 -isysroot /Applications/Xcode.app/Contents/Developer/Platforms/iPhoneOS.platform/Developer/SDKs/iPhoneOS8.1.sdk -miphoneos-version-min=8.1  conftest.c >&5
configure:3676: $? = 0
configure:3683: result: yes
configure:3751: checking how to print strings
configure:3778: result: printf
configure:3799: checking for a sed that does not truncate output
configure:3863: result: /usr/bin/sed
configure:3881: checking for fgrep
configure:3943: result: /usr/bin/grep -F
configure:3978: checking for ld used by gcc
configure:4045: result: /Applications/Xcode.app/Contents/Developer/Toolchains/XcodeDefault.xctoolchain/usr/bin/ld
configure:4052: checking if the linker (/Applications/Xcode.app/Contents/Developer/Toolchains/XcodeDefault.xctoolchain/usr/bin/ld) is GNU ld
configure:4067: result: no
configure:4079: checking for BSD- or MS-compatible name lister (nm)
configure:4128: result: no
configure:4142: checking for arm-apple-darwin-dumpbin
configure:4172: result: no
configure:4142: checking for arm-apple-darwin-link
configure:4172: result: no
configure:4186: checking for dumpbin
configure:4216: result: no
configure:4186: checking for link
configure:4202: found /bin/link
configure:4213: result: link -dump
configure:4258: checking the name lister (nm) interface
configure:4265: gcc -c -arch arm64 -isysroot /Applications/Xcode.app/Contents/Developer/Platforms/iPhoneOS.platform/Developer/SDKs/iPhoneOS8.1.sdk -miphoneos-version-min=8.1  -I/Users/rahul/Desktop/ios_compilation/libiconv-1.14/dependencies/include -I/usr/local/lib -I/Applications/Xcode.app/Contents/Developer/Platforms/iPhoneOS.platform/Developer/SDKs/iPhoneOS8.1.sdk/usr/include/  -arch arm64 -isysroot /Applications/Xcode.app/Contents/Developer/Platforms/iPhoneOS.platform/Developer/SDKs/iPhoneOS8.1.sdk -miphoneos-version-min=8.1  conftest.c >&5
configure:4268: nm "conftest.o"
configure:4271: output
0000000000000000 S _some_variable
0000000000000000 t ltmp0
configure:4278: result: BSD nm
configure:4282: checking the maximum length of command line arguments
configure:4407: result: 196608
configure:4424: checking whether the shell understands some XSI constructs
configure:4434: result: yes
configure:4438: checking whether the shell understands "+="
configure:4444: result: yes
configure:4479: checking how to convert x86_64-apple-darwin file names to arm-apple-darwin format
configure:4519: result: func_convert_file_noop
configure:4526: checking how to convert x86_64-apple-darwin file names to toolchain format
configure:4546: result: func_convert_file_noop
configure:4553: checking for /Applications/Xcode.app/Contents/Developer/Toolchains/XcodeDefault.xctoolchain/usr/bin/ld option to reload object files
configure:4560: result: -r
configure:4594: checking for arm-apple-darwin-objdump
configure:4624: result: no
configure:4634: checking for objdump
configure:4664: result: no
configure:4690: checking how to recognize dependent libraries
configure:4892: result: pass_all
configure:4937: checking for arm-apple-darwin-dlltool
configure:4967: result: no
configure:4977: checking for dlltool
configure:5007: result: no
configure:5034: checking how to associate runtime and link libraries
configure:5061: result: printf %s\n
configure:5077: checking for arm-apple-darwin-ar
configure:5107: result: no
configure:5121: checking for ar
configure:5137: found /Applications/Xcode.app/Contents/Developer/Toolchains/XcodeDefault.xctoolchain/usr/bin/ar
configure:5148: result: ar
configure:5185: checking for archiver @FILE support
configure:5202: gcc -c -arch arm64 -isysroot /Applications/Xcode.app/Contents/Developer/Platforms/iPhoneOS.platform/Developer/SDKs/iPhoneOS8.1.sdk -miphoneos-version-min=8.1  -I/Users/rahul/Desktop/ios_compilation/libiconv-1.14/dependencies/include -I/usr/local/lib -I/Applications/Xcode.app/Contents/Developer/Platforms/iPhoneOS.platform/Developer/SDKs/iPhoneOS8.1.sdk/usr/include/  -arch arm64 -isysroot /Applications/Xcode.app/Contents/Developer/Platforms/iPhoneOS.platform/Developer/SDKs/iPhoneOS8.1.sdk -miphoneos-version-min=8.1  conftest.c >&5
configure:5202: $? = 0
configure:5205: ar cru libconftest.a @conftest.lst >&5
ar: @conftest.lst: No such file or directory
configure:5208: $? = 1
configure:5228: result: no
configure:5246: checking for arm-apple-darwin-strip
configure:5276: result: no
configure:5286: checking for strip
configure:5302: found /Applications/Xcode.app/Contents/Developer/Toolchains/XcodeDefault.xctoolchain/usr/bin/strip
configure:5313: result: strip
configure:5345: checking for arm-apple-darwin-ranlib
configure:5375: result: no
configure:5385: checking for ranlib
configure:5401: found /Applications/Xcode.app/Contents/Developer/Toolchains/XcodeDefault.xctoolchain/usr/bin/ranlib
configure:5412: result: ranlib
configure:5489: checking for gawk
configure:5519: result: no
configure:5489: checking for mawk
configure:5519: result: no
configure:5489: checking for nawk
configure:5519: result: no
configure:5489: checking for awk
configure:5505: found /usr/bin/awk
configure:5516: result: awk
configure:5556: checking command to parse nm output from gcc object
configure:5675: gcc -c -arch arm64 -isysroot /Applications/Xcode.app/Contents/Developer/Platforms/iPhoneOS.platform/Developer/SDKs/iPhoneOS8.1.sdk -miphoneos-version-min=8.1  -I/Users/rahul/Desktop/ios_compilation/libiconv-1.14/dependencies/include -I/usr/local/lib -I/Applications/Xcode.app/Contents/Developer/Platforms/iPhoneOS.platform/Developer/SDKs/iPhoneOS8.1.sdk/usr/include/  -arch arm64 -isysroot /Applications/Xcode.app/Contents/Developer/Platforms/iPhoneOS.platform/Developer/SDKs/iPhoneOS8.1.sdk -miphoneos-version-min=8.1  conftest.c >&5
configure:5678: $? = 0
configure:5682: nm conftest.o \| sed -n -e 's/^.*[ ]\([BCDEGRST][BCDEGRST]*\)[ ][ ]*\([_A-Za-z][_A-Za-z0-9]*\)$/\1 \2 \2/p' | sed '/ __gnu_lto/d' \> conftest.nm
configure:5685: $? = 0
cannot find nm_test_var in conftest.nm
configure:5675: gcc -c -arch arm64 -isysroot /Applications/Xcode.app/Contents/Developer/Platforms/iPhoneOS.platform/Developer/SDKs/iPhoneOS8.1.sdk -miphoneos-version-min=8.1  -I/Users/rahul/Desktop/ios_compilation/libiconv-1.14/dependencies/include -I/usr/local/lib -I/Applications/Xcode.app/Contents/Developer/Platforms/iPhoneOS.platform/Developer/SDKs/iPhoneOS8.1.sdk/usr/include/  -arch arm64 -isysroot /Applications/Xcode.app/Contents/Developer/Platforms/iPhoneOS.platform/Developer/SDKs/iPhoneOS8.1.sdk -miphoneos-version-min=8.1  conftest.c >&5
configure:5678: $? = 0
configure:5682: nm conftest.o \| sed -n -e 's/^.*[ ]\([BCDEGRST][BCDEGRST]*\)[ ][ ]*_\([_A-Za-z][_A-Za-z0-9]*\)$/\1 _\2 \2/p' | sed '/ __gnu_lto/d' \> conftest.nm
configure:5685: $? = 0
configure:5751: gcc -o conftest -arch arm64 -isysroot /Applications/Xcode.app/Contents/Developer/Platforms/iPhoneOS.platform/Developer/SDKs/iPhoneOS8.1.sdk -miphoneos-version-min=8.1  -I/Users/rahul/Desktop/ios_compilation/libiconv-1.14/dependencies/include -I/usr/local/lib -I/Applications/Xcode.app/Contents/Developer/Platforms/iPhoneOS.platform/Developer/SDKs/iPhoneOS8.1.sdk/usr/include/  -arch arm64 -isysroot /Applications/Xcode.app/Contents/Developer/Platforms/iPhoneOS.platform/Developer/SDKs/iPhoneOS8.1.sdk -miphoneos-version-min=8.1  -L/Users/rahul/Desktop/ios_compilation/libiconv-1.14/dependencies/lib -L/usr/local/lib -L/Applications/Xcode.app/Contents/Developer/Platforms/iPhoneOS.platform/Developer/SDKs/iPhoneOS8.1.sdk/usr/lib  -arch arm64 -isysroot /Applications/Xcode.app/Contents/Developer/Platforms/iPhoneOS.platform/Developer/SDKs/iPhoneOS8.1.sdk -miphoneos-version-min=8.1  conftest.c conftstm.o >&5
ld: warning: directory not found for option '-L/Users/rahul/Desktop/ios_compilation/libiconv-1.14/dependencies/lib'
configure:5754: $? = 0
configure:5792: result: ok
configure:5829: checking for sysroot
configure:5859: result: no
configure:6062: checking for arm-apple-darwin-mt
configure:6092: result: no
configure:6102: checking for mt
configure:6132: result: no
configure:6152: checking if : is a manifest tool
configure:6158: : '-?'
configure:6166: result: no
configure:6182: checking for arm-apple-darwin-dsymutil
configure:6212: result: no
configure:6222: checking for dsymutil
configure:6238: found /Applications/Xcode.app/Contents/Developer/Toolchains/XcodeDefault.xctoolchain/usr/bin/dsymutil
configure:6249: result: dsymutil
configure:6274: checking for arm-apple-darwin-nmedit
configure:6304: result: no
configure:6314: checking for nmedit
configure:6330: found /Applications/Xcode.app/Contents/Developer/Toolchains/XcodeDefault.xctoolchain/usr/bin/nmedit
configure:6341: result: nmedit
configure:6366: checking for arm-apple-darwin-lipo
configure:6396: result: no
configure:6406: checking for lipo
configure:6422: found /Applications/Xcode.app/Contents/Developer/Toolchains/XcodeDefault.xctoolchain/usr/bin/lipo
configure:6433: result: lipo
configure:6458: checking for arm-apple-darwin-otool
configure:6488: result: no
configure:6498: checking for otool
configure:6514: found /Applications/Xcode.app/Contents/Developer/Toolchains/XcodeDefault.xctoolchain/usr/bin/otool
configure:6525: result: otool
configure:6550: checking for arm-apple-darwin-otool64
configure:6580: result: no
configure:6590: checking for otool64
configure:6620: result: no
configure:6665: checking for -single_module linker flag
gcc -arch arm64 -isysroot /Applications/Xcode.app/Contents/Developer/Platforms/iPhoneOS.platform/Developer/SDKs/iPhoneOS8.1.sdk -miphoneos-version-min=8.1  -L/Users/rahul/Desktop/ios_compilation/libiconv-1.14/dependencies/lib -L/usr/local/lib -L/Applications/Xcode.app/Contents/Developer/Platforms/iPhoneOS.platform/Developer/SDKs/iPhoneOS8.1.sdk/usr/lib  -arch arm64 -isysroot /Applications/Xcode.app/Contents/Developer/Platforms/iPhoneOS.platform/Developer/SDKs/iPhoneOS8.1.sdk -miphoneos-version-min=8.1  -o libconftest.dylib -dynamiclib -Wl,-single_module conftest.c
ld: warning: directory not found for option '-L/Users/rahul/Desktop/ios_compilation/libiconv-1.14/dependencies/lib'
configure:6692: result: no
configure:6694: checking for -exported_symbols_list linker flag
configure:6714: gcc -o conftest -arch arm64 -isysroot /Applications/Xcode.app/Contents/Developer/Platforms/iPhoneOS.platform/Developer/SDKs/iPhoneOS8.1.sdk -miphoneos-version-min=8.1  -I/Users/rahul/Desktop/ios_compilation/libiconv-1.14/dependencies/include -I/usr/local/lib -I/Applications/Xcode.app/Contents/Developer/Platforms/iPhoneOS.platform/Developer/SDKs/iPhoneOS8.1.sdk/usr/include/  -arch arm64 -isysroot /Applications/Xcode.app/Contents/Developer/Platforms/iPhoneOS.platform/Developer/SDKs/iPhoneOS8.1.sdk -miphoneos-version-min=8.1  -L/Users/rahul/Desktop/ios_compilation/libiconv-1.14/dependencies/lib -L/usr/local/lib -L/Applications/Xcode.app/Contents/Developer/Platforms/iPhoneOS.platform/Developer/SDKs/iPhoneOS8.1.sdk/usr/lib  -arch arm64 -isysroot /Applications/Xcode.app/Contents/Developer/Platforms/iPhoneOS.platform/Developer/SDKs/iPhoneOS8.1.sdk -miphoneos-version-min=8.1  -Wl,-exported_symbols_list,conftest.sym conftest.c  >&5
ld: warning: directory not found for option '-L/Users/rahul/Desktop/ios_compilation/libiconv-1.14/dependencies/lib'
configure:6714: $? = 0
configure:6724: result: yes
configure:6726: checking for -force_load linker flag
gcc -arch arm64 -isysroot /Applications/Xcode.app/Contents/Developer/Platforms/iPhoneOS.platform/Developer/SDKs/iPhoneOS8.1.sdk -miphoneos-version-min=8.1  -c -o conftest.o conftest.c
ar cru libconftest.a conftest.o
ranlib libconftest.a
gcc -arch arm64 -isysroot /Applications/Xcode.app/Contents/Developer/Platforms/iPhoneOS.platform/Developer/SDKs/iPhoneOS8.1.sdk -miphoneos-version-min=8.1  -L/Users/rahul/Desktop/ios_compilation/libiconv-1.14/dependencies/lib -L/usr/local/lib -L/Applications/Xcode.app/Contents/Developer/Platforms/iPhoneOS.platform/Developer/SDKs/iPhoneOS8.1.sdk/usr/lib  -arch arm64 -isysroot /Applications/Xcode.app/Contents/Developer/Platforms/iPhoneOS.platform/Developer/SDKs/iPhoneOS8.1.sdk -miphoneos-version-min=8.1  -o conftest conftest.c -Wl,-force_load,./libconftest.a
ld: warning: directory not found for option '-L/Users/rahul/Desktop/ios_compilation/libiconv-1.14/dependencies/lib'
configure:6756: result: no
configure:6795: checking for dlfcn.h
configure:6795: gcc -c -arch arm64 -isysroot /Applications/Xcode.app/Contents/Developer/Platforms/iPhoneOS.platform/Developer/SDKs/iPhoneOS8.1.sdk -miphoneos-version-min=8.1  -I/Users/rahul/Desktop/ios_compilation/libiconv-1.14/dependencies/include -I/usr/local/lib -I/Applications/Xcode.app/Contents/Developer/Platforms/iPhoneOS.platform/Developer/SDKs/iPhoneOS8.1.sdk/usr/include/  -arch arm64 -isysroot /Applications/Xcode.app/Contents/Developer/Platforms/iPhoneOS.platform/Developer/SDKs/iPhoneOS8.1.sdk -miphoneos-version-min=8.1  conftest.c >&5
configure:6795: $? = 0
configure:6795: result: yes
configure:7280: checking for objdir
configure:7295: result: .libs
configure:7566: checking if gcc supports -fno-rtti -fno-exceptions
configure:7584: gcc -c -arch arm64 -isysroot /Applications/Xcode.app/Contents/Developer/Platforms/iPhoneOS.platform/Developer/SDKs/iPhoneOS8.1.sdk -miphoneos-version-min=8.1  -I/Users/rahul/Desktop/ios_compilation/libiconv-1.14/dependencies/include -I/usr/local/lib -I/Applications/Xcode.app/Contents/Developer/Platforms/iPhoneOS.platform/Developer/SDKs/iPhoneOS8.1.sdk/usr/include/  -arch arm64 -isysroot /Applications/Xcode.app/Contents/Developer/Platforms/iPhoneOS.platform/Developer/SDKs/iPhoneOS8.1.sdk -miphoneos-version-min=8.1  -fno-rtti -fno-exceptions conftest.c >&5
configure:7588: $? = 0
configure:7601: result: yes
configure:7911: checking for gcc option to produce PIC
configure:7918: result: -fno-common -DPIC
configure:7926: checking if gcc PIC flag -fno-common -DPIC works
configure:7944: gcc -c -arch arm64 -isysroot /Applications/Xcode.app/Contents/Developer/Platforms/iPhoneOS.platform/Developer/SDKs/iPhoneOS8.1.sdk -miphoneos-version-min=8.1  -I/Users/rahul/Desktop/ios_compilation/libiconv-1.14/dependencies/include -I/usr/local/lib -I/Applications/Xcode.app/Contents/Developer/Platforms/iPhoneOS.platform/Developer/SDKs/iPhoneOS8.1.sdk/usr/include/  -arch arm64 -isysroot /Applications/Xcode.app/Contents/Developer/Platforms/iPhoneOS.platform/Developer/SDKs/iPhoneOS8.1.sdk -miphoneos-version-min=8.1  -fno-common -DPIC -DPIC conftest.c >&5
configure:7948: $? = 0
configure:7961: result: yes
configure:7990: checking if gcc static flag -static works
configure:8018: result: no
configure:8033: checking if gcc supports -c -o file.o
configure:8054: gcc -c -arch arm64 -isysroot /Applications/Xcode.app/Contents/Developer/Platforms/iPhoneOS.platform/Developer/SDKs/iPhoneOS8.1.sdk -miphoneos-version-min=8.1  -I/Users/rahul/Desktop/ios_compilation/libiconv-1.14/dependencies/include -I/usr/local/lib -I/Applications/Xcode.app/Contents/Developer/Platforms/iPhoneOS.platform/Developer/SDKs/iPhoneOS8.1.sdk/usr/include/  -arch arm64 -isysroot /Applications/Xcode.app/Contents/Developer/Platforms/iPhoneOS.platform/Developer/SDKs/iPhoneOS8.1.sdk -miphoneos-version-min=8.1  -o out/conftest2.o conftest.c >&5
configure:8058: $? = 0
configure:8080: result: yes
configure:8088: checking if gcc supports -c -o file.o
configure:8135: result: yes
configure:8168: checking whether the gcc linker (/Applications/Xcode.app/Contents/Developer/Toolchains/XcodeDefault.xctoolchain/usr/bin/ld) supports shared libraries
configure:9326: result: yes
configure:9571: checking dynamic linker characteristics
configure:10307: result: darwin dyld
configure:10414: checking how to hardcode library paths into programs
configure:10439: result: immediate
configure:10979: checking whether stripping libraries is possible
configure:10993: result: yes
configure:11019: checking if libtool supports shared libraries
configure:11021: result: yes
configure:11024: checking whether to build shared libraries
configure:11045: result: yes
configure:11048: checking whether to build static libraries
configure:11052: result: no
configure:11092: checking whether the -Werror option is usable
configure:11111: gcc -c -arch arm64 -isysroot /Applications/Xcode.app/Contents/Developer/Platforms/iPhoneOS.platform/Developer/SDKs/iPhoneOS8.1.sdk -miphoneos-version-min=8.1  -Werror -I/Users/rahul/Desktop/ios_compilation/libiconv-1.14/dependencies/include -I/usr/local/lib -I/Applications/Xcode.app/Contents/Developer/Platforms/iPhoneOS.platform/Developer/SDKs/iPhoneOS8.1.sdk/usr/include/  -arch arm64 -isysroot /Applications/Xcode.app/Contents/Developer/Platforms/iPhoneOS.platform/Developer/SDKs/iPhoneOS8.1.sdk -miphoneos-version-min=8.1  conftest.c >&5
configure:11111: $? = 0
configure:11120: result: yes
configure:11122: checking for simple visibility declarations
configure:11149: gcc -c -arch arm64 -isysroot /Applications/Xcode.app/Contents/Developer/Platforms/iPhoneOS.platform/Developer/SDKs/iPhoneOS8.1.sdk -miphoneos-version-min=8.1  -fvisibility=hidden -Werror -I/Users/rahul/Desktop/ios_compilation/libiconv-1.14/dependencies/include -I/usr/local/lib -I/Applications/Xcode.app/Contents/Developer/Platforms/iPhoneOS.platform/Developer/SDKs/iPhoneOS8.1.sdk/usr/include/  -arch arm64 -isysroot /Applications/Xcode.app/Contents/Developer/Platforms/iPhoneOS.platform/Developer/SDKs/iPhoneOS8.1.sdk -miphoneos-version-min=8.1  conftest.c >&5
configure:11149: $? = 0
configure:11158: result: yes
configure:11335: creating ./config.status

## ---------------------- ##
## Running config.status. ##
## ---------------------- ##

This file was extended by config.status, which was
generated by GNU Autoconf 2.68.  Invocation command line was

  CONFIG_FILES    = 
  CONFIG_HEADERS  = 
  CONFIG_LINKS    = 
  CONFIG_COMMANDS = 
  $ ./config.status 

on RahulNew-iMac-3.local

config.status:989: creating Makefile
config.status:1155: executing libtool commands

## ---------------- ##
## Cache variables. ##
## ---------------- ##

ac_cv_build=x86_64-apple-darwin
ac_cv_c_compiler_gnu=yes
ac_cv_env_CC_set=
ac_cv_env_CC_value=
ac_cv_env_CFLAGS_set=set
ac_cv_env_CFLAGS_value='-arch arm64 -isysroot /Applications/Xcode.app/Contents/Developer/Platforms/iPhoneOS.platform/Developer/SDKs/iPhoneOS8.1.sdk -miphoneos-version-min=8.1 '
ac_cv_env_CPPFLAGS_set=set
ac_cv_env_CPPFLAGS_value='-I/Users/rahul/Desktop/ios_compilation/libiconv-1.14/dependencies/include -I/usr/local/lib -I/Applications/Xcode.app/Contents/Developer/Platforms/iPhoneOS.platform/Developer/SDKs/iPhoneOS8.1.sdk/usr/include/  -arch arm64 -isysroot /Applications/Xcode.app/Contents/Developer/Platforms/iPhoneOS.platform/Developer/SDKs/iPhoneOS8.1.sdk -miphoneos-version-min=8.1 '
ac_cv_env_CPP_set=
ac_cv_env_CPP_value=
ac_cv_env_LDFLAGS_set=set
ac_cv_env_LDFLAGS_value='-L/Users/rahul/Desktop/ios_compilation/libiconv-1.14/dependencies/lib -L/usr/local/lib -L/Applications/Xcode.app/Contents/Developer/Platforms/iPhoneOS.platform/Developer/SDKs/iPhoneOS8.1.sdk/usr/lib  -arch arm64 -isysroot /Applications/Xcode.app/Contents/Developer/Platforms/iPhoneOS.platform/Developer/SDKs/iPhoneOS8.1.sdk -miphoneos-version-min=8.1 '
ac_cv_env_LIBS_set=
ac_cv_env_LIBS_value=
ac_cv_env_build_alias_set=set
ac_cv_env_build_alias_value=x86_64-apple-darwin
ac_cv_env_host_alias_set=set
ac_cv_env_host_alias_value=arm-apple-darwin
ac_cv_env_target_alias_set=
ac_cv_env_target_alias_value=
ac_cv_header_dlfcn_h=yes
ac_cv_header_inttypes_h=yes
ac_cv_header_memory_h=yes
ac_cv_header_minix_config_h=no
ac_cv_header_stdc=yes
ac_cv_header_stdint_h=yes
ac_cv_header_stdlib_h=yes
ac_cv_header_string_h=yes
ac_cv_header_strings_h=yes
ac_cv_header_sys_stat_h=yes
ac_cv_header_sys_types_h=yes
ac_cv_header_unistd_h=yes
ac_cv_host=arm-apple-darwin
ac_cv_objext=o
ac_cv_path_EGREP='/usr/bin/grep -E'
ac_cv_path_FGREP='/usr/bin/grep -F'
ac_cv_path_GREP=/usr/bin/grep
ac_cv_path_SED=/usr/bin/sed
ac_cv_path_install='/usr/bin/install -c'
ac_cv_prog_AWK=awk
ac_cv_prog_CPP='gcc -E'
ac_cv_prog_ac_ct_AR=ar
ac_cv_prog_ac_ct_CC=gcc
ac_cv_prog_ac_ct_DSYMUTIL=dsymutil
ac_cv_prog_ac_ct_DUMPBIN='link -dump'
ac_cv_prog_ac_ct_LIPO=lipo
ac_cv_prog_ac_ct_NMEDIT=nmedit
ac_cv_prog_ac_ct_OTOOL=otool
ac_cv_prog_ac_ct_RANLIB=ranlib
ac_cv_prog_ac_ct_STRIP=strip
ac_cv_prog_cc_c89=
ac_cv_prog_cc_g=yes
ac_cv_prog_make_make_set=yes
ac_cv_safe_to_define___extensions__=yes
gl_cv_cc_vis_werror=yes
gl_cv_cc_visibility=yes
lt_cv_apple_cc_single_mod=no
lt_cv_ar_at_file=no
lt_cv_deplibs_check_method=pass_all
lt_cv_file_magic_cmd='$MAGIC_CMD'
lt_cv_file_magic_test_file=
lt_cv_ld_exported_symbols_list=yes
lt_cv_ld_force_load=no
lt_cv_ld_reload_flag=-r
lt_cv_nm_interface='BSD nm'
lt_cv_objdir=.libs
lt_cv_path_LD=/Applications/Xcode.app/Contents/Developer/Toolchains/XcodeDefault.xctoolchain/usr/bin/ld
lt_cv_path_NM=no
lt_cv_path_mainfest_tool=no
lt_cv_prog_compiler_c_o=yes
lt_cv_prog_compiler_pic='-fno-common -DPIC'
lt_cv_prog_compiler_pic_works=yes
lt_cv_prog_compiler_rtti_exceptions=yes
lt_cv_prog_compiler_static_works=no
lt_cv_prog_gnu_ld=no
lt_cv_sharedlib_from_linklib_cmd='printf %s\n'
lt_cv_sys_global_symbol_pipe='sed -n -e '\''s/^.*[	 ]\([BCDEGRST][BCDEGRST]*\)[	 ][	 ]*_\([_A-Za-z][_A-Za-z0-9]*\)$/\1 _\2 \2/p'\'' | sed '\''/ __gnu_lto/d'\'''
lt_cv_sys_global_symbol_to_c_name_address='sed -n -e '\''s/^: \([^ ]*\)[ ]*$/  {\"\1\", (void *) 0},/p'\'' -e '\''s/^[BCDEGRST]* \([^ ]*\) \([^ ]*\)$/  {"\2", (void *) \&\2},/p'\'''
lt_cv_sys_global_symbol_to_c_name_address_lib_prefix='sed -n -e '\''s/^: \([^ ]*\)[ ]*$/  {\"\1\", (void *) 0},/p'\'' -e '\''s/^[BCDEGRST]* \([^ ]*\) \(lib[^ ]*\)$/  {"\2", (void *) \&\2},/p'\'' -e '\''s/^[BCDEGRST]* \([^ ]*\) \([^ ]*\)$/  {"lib\2", (void *) \&\2},/p'\'''
lt_cv_sys_global_symbol_to_cdecl='sed -n -e '\''s/^T .* \(.*\)$/extern int \1();/p'\'' -e '\''s/^[BCDEGRST]* .* \(.*\)$/extern char \1;/p'\'''
lt_cv_sys_max_cmd_len=196608
lt_cv_to_host_file_cmd=func_convert_file_noop
lt_cv_to_tool_file_cmd=func_convert_file_noop

## ----------------- ##
## Output variables. ##
## ----------------- ##

AR='ar'
AS='as'
AWK='awk'
CC='gcc'
CFLAGS='-arch arm64 -isysroot /Applications/Xcode.app/Contents/Developer/Platforms/iPhoneOS.platform/Developer/SDKs/iPhoneOS8.1.sdk -miphoneos-version-min=8.1 '
CFLAG_VISIBILITY='-fvisibility=hidden'
CPP='gcc -E'
CPPFLAGS='-I/Users/rahul/Desktop/ios_compilation/libiconv-1.14/dependencies/include -I/usr/local/lib -I/Applications/Xcode.app/Contents/Developer/Platforms/iPhoneOS.platform/Developer/SDKs/iPhoneOS8.1.sdk/usr/include/  -arch arm64 -isysroot /Applications/Xcode.app/Contents/Developer/Platforms/iPhoneOS.platform/Developer/SDKs/iPhoneOS8.1.sdk -miphoneos-version-min=8.1 '
DEFS='-DPACKAGE_NAME=\"\" -DPACKAGE_TARNAME=\"\" -DPACKAGE_VERSION=\"\" -DPACKAGE_STRING=\"\" -DPACKAGE_BUGREPORT=\"\" -DPACKAGE_URL=\"\" -DINSTALLPREFIX=\"/Users/rahul/Desktop/ios_compilation/libiconv-1.14/dependencies\" -DSTDC_HEADERS=1 -DHAVE_SYS_TYPES_H=1 -DHAVE_SYS_STAT_H=1 -DHAVE_STDLIB_H=1 -DHAVE_STRING_H=1 -DHAVE_MEMORY_H=1 -DHAVE_STRINGS_H=1 -DHAVE_INTTYPES_H=1 -DHAVE_STDINT_H=1 -DHAVE_UNISTD_H=1 -D__EXTENSIONS__=1 -D_ALL_SOURCE=1 -D_GNU_SOURCE=1 -D_POSIX_PTHREAD_SEMANTICS=1 -D_TANDEM_SOURCE=1 -DHAVE_DLFCN_H=1 -DLT_OBJDIR=\".libs/\" -DHAVE_VISIBILITY=1'
DLLTOOL='false'
DSYMUTIL='dsymutil'
DUMPBIN=':'
ECHO_C='\c'
ECHO_N=''
ECHO_T=''
EGREP='/usr/bin/grep -E'
EXEEXT=''
FGREP='/usr/bin/grep -F'
GREP='/usr/bin/grep'
HAVE_VISIBILITY='1'
INSTALL_DATA='${INSTALL} -m 644'
INSTALL_PROGRAM='${INSTALL}'
INSTALL_SCRIPT='${INSTALL}'
LD='/Applications/Xcode.app/Contents/Developer/Toolchains/XcodeDefault.xctoolchain/usr/bin/ld'
LDFLAGS='-L/Users/rahul/Desktop/ios_compilation/libiconv-1.14/dependencies/lib -L/usr/local/lib -L/Applications/Xcode.app/Contents/Developer/Platforms/iPhoneOS.platform/Developer/SDKs/iPhoneOS8.1.sdk/usr/lib  -arch arm64 -isysroot /Applications/Xcode.app/Contents/Developer/Platforms/iPhoneOS.platform/Developer/SDKs/iPhoneOS8.1.sdk -miphoneos-version-min=8.1 '
LIBOBJS=''
LIBS=''
LIBTOOL='/bin/sh $(top_builddir)/libtool'
LIPO='lipo'
LN_S='ln -s'
LTLIBOBJS=''
MANIFEST_TOOL=':'
NM='nm'
NMEDIT='nmedit'
OBJDUMP='false'
OBJEXT='o'
OTOOL64=':'
OTOOL='otool'
PACKAGE=''
PACKAGE_BUGREPORT=''
PACKAGE_NAME=''
PACKAGE_STRING=''
PACKAGE_TARNAME=''
PACKAGE_URL=''
PACKAGE_VERSION=''
PATH_SEPARATOR=':'
PLUGLIB=''
RANLIB='ranlib'
RELOCATABLE='no'
SED='/usr/bin/sed'
SET_MAKE=''
SHELL='/bin/sh'
STRIP='strip'
VERSION=''
ac_ct_AR='ar'
ac_ct_CC='gcc'
ac_ct_DUMPBIN='link -dump'
bindir='${exec_prefix}/bin'
build='x86_64-apple-darwin'
build_alias='x86_64-apple-darwin'
build_cpu='x86_64'
build_os='darwin'
build_vendor='apple'
datadir='${datarootdir}'
datarootdir='${prefix}/share'
docdir='${datarootdir}/doc/${PACKAGE}'
dvidir='${docdir}'
exec_prefix='${prefix}'
host='arm-apple-darwin'
host_alias='arm-apple-darwin'
host_cpu='arm'
host_os='darwin'
host_vendor='apple'
htmldir='${docdir}'
includedir='${prefix}/include'
infodir='${datarootdir}/info'
libdir='${exec_prefix}/lib'
libexecdir='${exec_prefix}/libexec'
localedir='${datarootdir}/locale'
localstatedir='${prefix}/var'
mandir='${datarootdir}/man'
oldincludedir='/usr/include'
pdfdir='${docdir}'
prefix='/Users/rahul/Desktop/ios_compilation/libiconv-1.14/dependencies'
program_transform_name='s,x,x,'
psdir='${docdir}'
sbindir='${exec_prefix}/sbin'
sharedstatedir='${prefix}/com'
sysconfdir='${prefix}/etc'
target_alias=''

## ----------- ##
## confdefs.h. ##
## ----------- ##

/* confdefs.h */
#define PACKAGE_NAME ""
#define PACKAGE_TARNAME ""
#define PACKAGE_VERSION ""
#define PACKAGE_STRING ""
#define PACKAGE_BUGREPORT ""
#define PACKAGE_URL ""
#define INSTALLPREFIX "/Users/rahul/Desktop/ios_compilation/libiconv-1.14/dependencies"
#define STDC_HEADERS 1
#define HAVE_SYS_TYPES_H 1
#define HAVE_SYS_STAT_H 1
#define HAVE_STDLIB_H 1
#define HAVE_STRING_H 1
#define HAVE_MEMORY_H 1
#define HAVE_STRINGS_H 1
#define HAVE_INTTYPES_H 1
#define HAVE_STDINT_H 1
#define HAVE_UNISTD_H 1
#define __EXTENSIONS__ 1
#define _ALL_SOURCE 1
#define _GNU_SOURCE 1
#define _POSIX_PTHREAD_SEMANTICS 1
#define _TANDEM_SOURCE 1
#define HAVE_DLFCN_H 1
#define LT_OBJDIR ".libs/"
#define HAVE_VISIBILITY 1

configure: exit 0
